<?xml version="1.0" encoding="UTF-8"?>
<!-- Generated by org.testng.reporters.JUnitXMLReporter -->
<testsuite hostname="Rashmis-MacBook-Air.local" name="SuiteOneCaseOne" tests="1" failures="0" timestamp="5 Nov 2015 21:45:37 GMT" time="0.029" errors="0">
  <testcase name="@BeforeTest checkCaseToRun" time="0.0" classname="com.stta.SuiteOne.SuiteOneCaseOne">
    <skipped/>
  </testcase> <!-- @BeforeTest checkCaseToRun -->
  <testcase name="@AfterTest closeBrowser" time="0.0" classname="com.stta.SuiteOne.SuiteOneCaseOne">
    <skipped/>
  </testcase> <!-- @AfterTest closeBrowser -->
  <testcase name="SuiteOneCaseOneTest" time="0.0" classname="com.stta.SuiteOne.SuiteOneCaseOne">
    <skipped/>
  </testcase> <!-- SuiteOneCaseOneTest -->
</testsuite> <!-- SuiteOneCaseOne -->
