<?xml version="1.0" encoding="UTF-8"?>
<!-- Generated by org.testng.reporters.JUnitXMLReporter -->
<testsuite hostname="Rashmis-MacBook-Air.local" name="SuiteTwoCaseTwo" tests="1" failures="0" timestamp="5 Nov 2015 21:45:37 GMT" time="0.006" errors="0">
  <testcase name="@BeforeSuite checkSuiteToRun" time="0.0" classname="com.stta.SuiteTwo.SuiteTwoCaseTwo">
    <failure type="java.lang.NullPointerException">
      <![CDATA[java.lang.NullPointerException
	at com.stta.utility.Read_XLS.retrieveToRunFlag(Read_XLS.java:62)
	at com.stta.utility.SuiteUtility.checkToRunUtility(SuiteUtility.java:8)
	at com.stta.SuiteTwo.SuiteTwoBase.checkSuiteToRun(SuiteTwoBase.java:29)
... Removed 19 stack frames]]>
    </failure>
  </testcase> <!-- @BeforeSuite checkSuiteToRun -->
  <testcase name="@BeforeTest checkCaseToRun" time="0.0" classname="com.stta.SuiteTwo.SuiteTwoCaseTwo">
    <skipped/>
  </testcase> <!-- @BeforeTest checkCaseToRun -->
  <testcase name="@AfterTest closeBrowser" time="0.0" classname="com.stta.SuiteTwo.SuiteTwoCaseTwo">
    <skipped/>
  </testcase> <!-- @AfterTest closeBrowser -->
  <testcase name="SuiteTwoCaseTwoTest" time="0.0" classname="com.stta.SuiteTwo.SuiteTwoCaseTwo">
    <skipped/>
  </testcase> <!-- SuiteTwoCaseTwoTest -->
</testsuite> <!-- SuiteTwoCaseTwo -->
